<?xml version="1.0" encoding="UTF-8"?>
<testsuite xmlns:xsi="http://www.w3.org/2001/XMLSchema-instance" xsi:schemaLocation="https://maven.apache.org/surefire/maven-surefire-plugin/xsd/surefire-test-report.xsd" name="TestSuite" time="4.666" tests="3" errors="0" skipped="2" failures="1">
  <properties>
[...]
</properties>
  <testcase name="beforeTest" classname="example.PetClinicTest" time="4.542">
    <failure message="Unable to create new remote session. desired capabilities = Capabilities [{marionette=true, firefoxOptions=org.openqa.selenium.firefox.FirefoxOptions@2d9d4f9d, browserName=firefox, moz:firefoxOptions=org.openqa.selenium.firefox.FirefoxOptions@2d9d4f9d, version=, platform=ANY}], required capabilities = Capabilities [{}]&#10;Build info: version: &apos;3.0.1&apos;, revision: &apos;1969d75&apos;, time: &apos;2016-10-18 09:49:13 -0700&apos;&#10;System info: host: &apos;MSI&apos;, ip: &apos;192.168.0.48&apos;, os.name: &apos;Windows 10&apos;, os.arch: &apos;amd64&apos;, os.version: &apos;10.0&apos;, java.version: &apos;1.8.0_111&apos;&#10;Driver info: driver.version: FirefoxDriver" type="org.openqa.selenium.SessionNotCreatedException">org.openqa.selenium.SessionNotCreatedException: 
Unable to create new remote session. desired capabilities = Capabilities [{marionette=true, firefoxOptions=org.openqa.selenium.firefox.FirefoxOptions@2d9d4f9d, browserName=firefox, moz:firefoxOptions=org.openqa.selenium.firefox.FirefoxOptions@2d9d4f9d, version=, platform=ANY}], required capabilities = Capabilities [{}]
Build info: version: '3.0.1', revision: '1969d75', time: '2016-10-18 09:49:13 -0700'
System info: host: 'MSI', ip: '192.168.0.48', os.name: 'Windows 10', os.arch: 'amd64', os.version: '10.0', java.version: '1.8.0_111'
Driver info: driver.version: FirefoxDriver
	at example.PetClinicTest.beforeTest(PetClinicTest.java:29)
</failure>
    <system-err><![CDATA[1503157347696	geckodriver	INFO	geckodriver 0.18.0
1503157347701	geckodriver	INFO	Listening on 127.0.0.1:39189
ago 19, 2017 12:42:28 PM org.openqa.selenium.remote.ProtocolHandshake createSession
INFORMACIÓN: Attempting bi-dialect session, assuming Postel's Law holds true on the remote end
1503157348168	geckodriver::marionette	INFO	Starting browser C:\Program Files (x86)\Mozilla Firefox\firefox.exe with args ["-marionette"]
[GFX1]: Potential driver version mismatch ignored due to missing DLLs igd10umd32 v= and igd10iumd32.dll v=0.0.0.0
1503157350373	Marionette	INFO	Listening on port 50664
ago 19, 2017 12:42:31 PM org.openqa.selenium.remote.ProtocolHandshake createSession
INFORMACIÓN: Falling back to original OSS JSON Wire Protocol.
ago 19, 2017 12:42:31 PM org.openqa.selenium.remote.ProtocolHandshake createSession
INFORMACIÓN: Falling back to straight W3C remote end connection
]]></system-err>
  </testcase>
  <testcase name="testPetClinic" classname="example.PetClinicTest" time="0">
    <skipped/>
  </testcase>
  <testcase name="afterTest" classname="example.PetClinicTest" time="0">
    <skipped/>
  </testcase>
</testsuite>